#
# A fatal error has been detected by the Java Runtime Environment:
#
#  SIGSEGV (0xb) at pc=0x00007f80c0969508, pid=9820, tid=140191167776512
#
# JRE version: 6.0_24-b24
# Java VM: OpenJDK 64-Bit Server VM (20.0-b12 mixed mode linux-amd64 compressed oops)
# Derivative: IcedTea6 1.11.5
# Distribution: Ubuntu 12.04 LTS, package 6b24-1.11.5-0ubuntu1~12.04.1
# Problematic frame:
# C  [libgfortran.so.3+0xdc508]  _gfortran_transfer_complex128_write+0x3318
#
# If you would like to submit a bug report, please include
# instructions how to reproduce the bug and visit:
#   https://bugs.launchpad.net/ubuntu/+source/openjdk-6/
# The crash happened outside the Java Virtual Machine in native code.
# See problematic frame for where to report the bug.
#

---------------  T H R E A D  ---------------

Current thread (0x00007f80c4008000):  JavaThread "main" [_thread_in_native, id=9821, stack(0x00007f80ccb18000,0x00007f80ccc19000)]

siginfo:si_signo=SIGSEGV: si_errno=0, si_code=1 (SEGV_MAPERR), si_addr=0x00000000000002bf

Registers:
RAX=0x00007f80c0969508, RBX=0x00007f80ccc17240, RCX=0x00007f80c0987a00, RDX=0xfffffffffffe1cc8
RSP=0x00007f80ccc17140, RBP=0x0000000000000003, RSI=0x0000000000000004, RDI=0x00000000000002bf
R8 =0x0000000000000004, R9 =0x0000000000000001, R10=0x00007f80ccc16fd0, R11=0x00007f80c0962070
R12=0x0000000000000000, R13=0x0000000000000000, R14=0x0000000000000001, R15=0x0000000000000004
RIP=0x00007f80c0969508, EFLAGS=0x0000000000010203, CSGSFS=0x0000000000000033, ERR=0x0000000000000004
  TRAPNO=0x000000000000000e

Top of Stack: (sp=0x00007f80ccc17140)
0x00007f80ccc17140:   00007f80cbdc6e50 0000000000000000
0x00007f80ccc17150:   00000000ffffffff 00007f80cca1ea74
0x00007f80ccc17160:   00007f80ccc17180 00007f80c0969f52
0x00007f80ccc17170:   0000000000315170 0000000000000000
0x00007f80ccc17180:   00007f80ccc17240 0000000000000020
0x00007f80ccc17190:   0000000000000000 00007f80c0961e89
0x00007f80ccc171a0:   00007f8000000005 a727454cadfe6f00
0x00007f80ccc171b0:   00007f80ccc17240 0000000000000001
0x00007f80ccc171c0:   0000000000000000 00000000000002bf
0x00007f80ccc171d0:   0000000000000001 00007f80c096db4f
0x00007f80ccc171e0:   00000007738b8a38 00000004cca2a235
0x00007f80ccc171f0:   0000000000000004 0000000000000001
0x00007f80ccc17200:   0000000000000004 00000000000002bf
0x00007f80ccc17210:   00007f80c410fb30 00007f80c40fd2b0
0x00007f80ccc17220:   00000007738b8a38 00007f80ccc17530
0x00007f80ccc17230:   00007f80c4008000 00007f80c0bb4201
0x00007f80ccc17240:   0000000600000080 00007f80c0bb4840
0x00007f80ccc17250:   00007f80000000a4 00007f80cca1f523
0x00007f80ccc17260:   0000000000000000 0000000000000000
0x00007f80ccc17270:   0000000000000005 0000000000000000
0x00007f80ccc17280:   0000000000000000 00007f80c40b8030
0x00007f80ccc17290:   0000000000000000 00007f80c10500cd
0x00007f80ccc172a0:   00007f80c10504a0 0000000000000000
0x00007f80ccc172b0:   0000000000000000 00007f80c096d9b0
0x00007f80ccc172c0:   00007f80c40bb810 0000000100000001
0x00007f80ccc172d0:   0000000100000000 0000000000000000
0x00007f80ccc172e0:   0000000000000000 0000000000000000
0x00007f80ccc172f0:   0000000000000000 0000000000000000
0x00007f80ccc17300:   0000000000000000 0000000000000000
0x00007f80ccc17310:   0000000000000000 0000000000000000
0x00007f80ccc17320:   0000000000000000 0000000000000000
0x00007f80ccc17330:   0000000000000000 0000000000000000 

Instructions: (pc=0x00007f80c0969508)
0x00007f80c09694e8:   0f 1f 84 00 00 00 00 00 48 8b 0f 48 89 ca 48 89
0x00007f80c09694f8:   c8 48 83 c4 28 48 c1 fa 3f c3 66 0f 1f 44 00 00
0x00007f80c0969508:   48 63 0f eb e6 0f 1f 00 48 0f bf 0f eb dd 66 2e
0x00007f80c0969518:   0f 1f 84 00 00 00 00 00 48 0f be 0f eb cd 66 2e 

Register to memory mapping:

RAX=0x00007f80c0969508: <offset 0xdc508> in /usr/lib/x86_64-linux-gnu/libgfortran.so.3 at 0x00007f80c088d000
RBX=0x00007f80ccc17240 is pointing into the stack for thread: 0x00007f80c4008000
RCX=0x00007f80c0987a00: <offset 0xfaa00> in /usr/lib/x86_64-linux-gnu/libgfortran.so.3 at 0x00007f80c088d000
RDX=0xfffffffffffe1cc8 is an unknown value
RSP=0x00007f80ccc17140 is pointing into the stack for thread: 0x00007f80c4008000
RBP=0x0000000000000003 is an unknown value
RSI=0x0000000000000004 is an unknown value
RDI=0x00000000000002bf is an unknown value
R8 =0x0000000000000004 is an unknown value
R9 =0x0000000000000001 is an unknown value
R10=0x00007f80ccc16fd0 is pointing into the stack for thread: 0x00007f80c4008000
R11=0x00007f80c0962070: _gfortran_transfer_integer+0 in /usr/lib/x86_64-linux-gnu/libgfortran.so.3 at 0x00007f80c088d000
R12=0x0000000000000000 is an unknown value
R13=0x0000000000000000 is an unknown value
R14=0x0000000000000001 is an unknown value
R15=0x0000000000000004 is an unknown value


Stack: [0x00007f80ccb18000,0x00007f80ccc19000],  sp=0x00007f80ccc17140,  free space=1020k
Native frames: (J=compiled Java code, j=interpreted, Vv=VM code, C=native code)
C  [libgfortran.so.3+0xdc508]  _gfortran_transfer_complex128_write+0x3318

Java frames: (J=compiled Java code, j=interpreted, Vv=VM code)
j  libCPS.CPSwrapper.runCPS([D[D)V+0
j  libCPS.CPSwrapper.callCPS(Lmodelling/ToCPS;)Lmodelling/FromCPS;+106
j  Fitness.SRPE.execute(LFitness/SRP_FitnessEnvironment;Lcore/SProgram;)V+201
j  core.SProgram.updateFitness(LFitness/SRP_FitnessEnvironment;)V+10
j  core.SRP_Population.evaluateFlaggedPrograms(LFitness/SRP_FitnessEnvironment;)V+53
j  core.SRP_Population.doEvolve(LFitness/SRP_FitnessEnvironment;J)I+71
j  core.SRP_Population.evolve(LFitness/SRP_FitnessEnvironment;)I+21
j  core.AI_SPAC.run([Ljava/lang/String;)V+79
j  core.AI_SPAC.main([Ljava/lang/String;)V+320
v  ~StubRoutines::call_stub

---------------  P R O C E S S  ---------------

Java Threads: ( => current thread )
  0x00007f80c409c000 JavaThread "Low Memory Detector" daemon [_thread_blocked, id=9835, stack(0x00007f80c0eff000,0x00007f80c1000000)]
  0x00007f80c4099800 JavaThread "C2 CompilerThread1" daemon [_thread_blocked, id=9834, stack(0x00007f80c8080000,0x00007f80c8181000)]
  0x00007f80c4096800 JavaThread "C2 CompilerThread0" daemon [_thread_blocked, id=9833, stack(0x00007f80c8181000,0x00007f80c8282000)]
  0x00007f80c4095800 JavaThread "Signal Dispatcher" daemon [_thread_blocked, id=9832, stack(0x00007f80c8282000,0x00007f80c8383000)]
  0x00007f80c4076000 JavaThread "Finalizer" daemon [_thread_blocked, id=9831, stack(0x00007f80c864c000,0x00007f80c874d000)]
  0x00007f80c4074800 JavaThread "Reference Handler" daemon [_thread_blocked, id=9830, stack(0x00007f80c874d000,0x00007f80c884e000)]
=>0x00007f80c4008000 JavaThread "main" [_thread_in_native, id=9821, stack(0x00007f80ccb18000,0x00007f80ccc19000)]

Other Threads:
  0x00007f80c406d800 VMThread [stack: 0x00007f80c884e000,0x00007f80c894f000] [id=9829]
  0x00007f80c409e800 WatcherThread [stack: 0x00007f80c0dfe000,0x00007f80c0eff000] [id=9836]

VM state:not at safepoint (normal execution)

VM Mutex/Monitor currently owned by a thread: None

Heap
 PSYoungGen      total 38912K, used 662K [0x00000007d4960000, 0x00000007d74c0000, 0x0000000800000000)
  eden space 33408K, 1% used [0x00000007d4960000,0x00000007d4a05a08,0x00000007d6a00000)
  from space 5504K, 0% used [0x00000007d6f60000,0x00000007d6f60000,0x00000007d74c0000)
  to   space 5504K, 0% used [0x00000007d6a00000,0x00000007d6a00000,0x00000007d6f60000)
 PSOldGen        total 88960K, used 260K [0x000000077dc00000, 0x00000007832e0000, 0x00000007d4960000)
  object space 88960K, 0% used [0x000000077dc00000,0x000000077dc41220,0x00000007832e0000)
 PSPermGen       total 21248K, used 4098K [0x0000000773600000, 0x0000000774ac0000, 0x000000077dc00000)
  object space 21248K, 19% used [0x0000000773600000,0x0000000773a009b0,0x0000000774ac0000)

Code Cache  [0x00007f80c1000000, 0x00007f80c1270000, 0x00007f80c4000000)
 total_blobs=311 nmethods=119 adapters=146 free_code_cache=49648448 largest_free_block=7872

Dynamic libraries:
00400000-00409000 r-xp 00000000 08:01 2368690                            /usr/lib/jvm/java-6-openjdk-amd64/jre/bin/java
00608000-00609000 r--p 00008000 08:01 2368690                            /usr/lib/jvm/java-6-openjdk-amd64/jre/bin/java
00609000-0060a000 rw-p 00009000 08:01 2368690                            /usr/lib/jvm/java-6-openjdk-amd64/jre/bin/java
01392000-013b3000 rw-p 00000000 00:00 0                                  [heap]
773600000-774ac0000 rw-p 00000000 00:00 0 
774ac0000-77dc00000 rw-p 00000000 00:00 0 
77dc00000-7832e0000 rw-p 00000000 00:00 0 
7832e0000-7d4960000 rw-p 00000000 00:00 0 
7d4960000-7d74c0000 rw-p 00000000 00:00 0 
7d74c0000-800000000 rw-p 00000000 00:00 0 
7f8094000000-7f8094021000 rw-p 00000000 00:00 0 
7f8094021000-7f8098000000 ---p 00000000 00:00 0 
7f8098000000-7f8098021000 rw-p 00000000 00:00 0 
7f8098021000-7f809c000000 ---p 00000000 00:00 0 
7f809c000000-7f809c91c000 rw-p 00000000 00:00 0 
7f809c91c000-7f80a0000000 ---p 00000000 00:00 0 
7f80a0000000-7f80a0514000 rw-p 00000000 00:00 0 
7f80a0514000-7f80a4000000 ---p 00000000 00:00 0 
7f80a4000000-7f80a4021000 rw-p 00000000 00:00 0 
7f80a4021000-7f80a8000000 ---p 00000000 00:00 0 
7f80a8000000-7f80a8021000 rw-p 00000000 00:00 0 
7f80a8021000-7f80ac000000 ---p 00000000 00:00 0 
7f80ac000000-7f80ac021000 rw-p 00000000 00:00 0 
7f80ac021000-7f80b0000000 ---p 00000000 00:00 0 
7f80b0000000-7f80b0021000 rw-p 00000000 00:00 0 
7f80b0021000-7f80b4000000 ---p 00000000 00:00 0 
7f80b4000000-7f80b4021000 rw-p 00000000 00:00 0 
7f80b4021000-7f80b8000000 ---p 00000000 00:00 0 
7f80b8000000-7f80b8021000 rw-p 00000000 00:00 0 
7f80b8021000-7f80bc000000 ---p 00000000 00:00 0 
7f80bc000000-7f80bc021000 rw-p 00000000 00:00 0 
7f80bc021000-7f80c0000000 ---p 00000000 00:00 0 
7f80c0238000-7f80c0240000 r-xp 00000000 08:01 3020975                    /usr/lib/jvm/java-6-openjdk-amd64/jre/lib/amd64/libnio.so
7f80c0240000-7f80c043f000 ---p 00008000 08:01 3020975                    /usr/lib/jvm/java-6-openjdk-amd64/jre/lib/amd64/libnio.so
7f80c043f000-7f80c0440000 r--p 00007000 08:01 3020975                    /usr/lib/jvm/java-6-openjdk-amd64/jre/lib/amd64/libnio.so
7f80c0440000-7f80c0441000 rw-p 00008000 08:01 3020975                    /usr/lib/jvm/java-6-openjdk-amd64/jre/lib/amd64/libnio.so
7f80c0441000-7f80c0456000 r-xp 00000000 08:01 3020976                    /usr/lib/jvm/java-6-openjdk-amd64/jre/lib/amd64/libnet.so
7f80c0456000-7f80c0655000 ---p 00015000 08:01 3020976                    /usr/lib/jvm/java-6-openjdk-amd64/jre/lib/amd64/libnet.so
7f80c0655000-7f80c0656000 r--p 00014000 08:01 3020976                    /usr/lib/jvm/java-6-openjdk-amd64/jre/lib/amd64/libnet.so
7f80c0656000-7f80c0657000 rw-p 00015000 08:01 3020976                    /usr/lib/jvm/java-6-openjdk-amd64/jre/lib/amd64/libnet.so
7f80c0657000-7f80c068c000 r-xp 00000000 08:01 2367634                    /usr/lib/x86_64-linux-gnu/libquadmath.so.0.0.0
7f80c068c000-7f80c088b000 ---p 00035000 08:01 2367634                    /usr/lib/x86_64-linux-gnu/libquadmath.so.0.0.0
7f80c088b000-7f80c088c000 r--p 00034000 08:01 2367634                    /usr/lib/x86_64-linux-gnu/libquadmath.so.0.0.0
7f80c088c000-7f80c088d000 rw-p 00035000 08:01 2367634                    /usr/lib/x86_64-linux-gnu/libquadmath.so.0.0.0
7f80c088d000-7f80c09a1000 r-xp 00000000 08:01 2362886                    /usr/lib/x86_64-linux-gnu/libgfortran.so.3.0.0
7f80c09a1000-7f80c0ba1000 ---p 00114000 08:01 2362886                    /usr/lib/x86_64-linux-gnu/libgfortran.so.3.0.0
7f80c0ba1000-7f80c0ba2000 r--p 00114000 08:01 2362886                    /usr/lib/x86_64-linux-gnu/libgfortran.so.3.0.0
7f80c0ba2000-7f80c0ba4000 rw-p 00115000 08:01 2362886                    /usr/lib/x86_64-linux-gnu/libgfortran.so.3.0.0
7f80c0ba4000-7f80c0bb6000 r-xp 00000000 00:14 1548                       /media/sf_Working_share/git/sr-plgp/dataIn/lib/libCPS.so
7f80c0bb6000-7f80c0db5000 ---p 00012000 00:14 1548                       /media/sf_Working_share/git/sr-plgp/dataIn/lib/libCPS.so
7f80c0db5000-7f80c0db6000 r--p 00011000 00:14 1548                       /media/sf_Working_share/git/sr-plgp/dataIn/lib/libCPS.so
7f80c0db6000-7f80c0db7000 rw-p 00012000 00:14 1548                       /media/sf_Working_share/git/sr-plgp/dataIn/lib/libCPS.so
7f80c0db7000-7f80c0def000 rw-p 00000000 00:00 0 
7f80c0def000-7f80c0df2000 r--s 00031000 08:01 3020931                    /usr/lib/jvm/java-6-openjdk-common/jre/lib/ext/sunjce_provider.jar
7f80c0df2000-7f80c0df6000 r--s 00038000 08:01 3020933                    /usr/lib/jvm/java-6-openjdk-common/jre/lib/ext/sunpkcs11.jar
7f80c0df6000-7f80c0df9000 r--s 00077000 08:01 3020935                    /usr/lib/jvm/java-6-openjdk-common/jre/lib/ext/localedata.jar
7f80c0df9000-7f80c0dfb000 r--s 00001000 08:01 3020934                    /usr/lib/jvm/java-6-openjdk-common/jre/lib/ext/dnsns.jar
7f80c0dfb000-7f80c0dfd000 r--s 0000f000 08:01 3020932                    /usr/lib/jvm/java-6-openjdk-common/jre/lib/ext/pulse-java.jar
7f80c0dfd000-7f80c0dfe000 r--s 00007000 08:01 2626383                    /usr/share/java/java-atk-wrapper.jar
7f80c0dfe000-7f80c0dff000 ---p 00000000 00:00 0 
7f80c0dff000-7f80c0eff000 rw-p 00000000 00:00 0 
7f80c0eff000-7f80c0f02000 ---p 00000000 00:00 0 
7f80c0f02000-7f80c1000000 rw-p 00000000 00:00 0 
7f80c1000000-7f80c1270000 rwxp 00000000 00:00 0 
7f80c1270000-7f80c4122000 rw-p 00000000 00:00 0 
7f80c4122000-7f80c8000000 ---p 00000000 00:00 0 
7f80c804f000-7f80c8080000 rw-p 00000000 00:00 0 
7f80c8080000-7f80c8083000 ---p 00000000 00:00 0 
7f80c8083000-7f80c8181000 rw-p 00000000 00:00 0 
7f80c8181000-7f80c8184000 ---p 00000000 00:00 0 
7f80c8184000-7f80c8282000 rw-p 00000000 00:00 0 
7f80c8282000-7f80c8285000 ---p 00000000 00:00 0 
7f80c8285000-7f80c8383000 rw-p 00000000 00:00 0 
7f80c8383000-7f80c864c000 r--p 00000000 08:01 2366608                    /usr/lib/locale/locale-archive
7f80c864c000-7f80c864f000 ---p 00000000 00:00 0 
7f80c864f000-7f80c874d000 rw-p 00000000 00:00 0 
7f80c874d000-7f80c8750000 ---p 00000000 00:00 0 
7f80c8750000-7f80c884e000 rw-p 00000000 00:00 0 
7f80c884e000-7f80c884f000 ---p 00000000 00:00 0 
7f80c884f000-7f80c8d86000 rw-p 00000000 00:00 0 
7f80c8d86000-7f80c8f18000 r--s 037c2000 08:01 3020997                    /usr/lib/jvm/java-6-openjdk-amd64/jre/lib/rt.jar
7f80c8f18000-7f80c8f40000 rw-p 00000000 00:00 0 
7f80c8f40000-7f80c8f41000 ---p 00000000 00:00 0 
7f80c8f41000-7f80c9041000 rw-p 00000000 00:00 0 
7f80c9041000-7f80c9042000 ---p 00000000 00:00 0 
7f80c9042000-7f80c9142000 rw-p 00000000 00:00 0 
7f80c9142000-7f80c9143000 ---p 00000000 00:00 0 
7f80c9143000-7f80c924e000 rw-p 00000000 00:00 0 
7f80c924e000-7f80c9296000 rw-p 00000000 00:00 0 
7f80c9296000-7f80c92c2000 rw-p 00000000 00:00 0 
7f80c92c2000-7f80c954d000 rw-p 00000000 00:00 0 
7f80c954d000-7f80c9558000 rw-p 00000000 00:00 0 
7f80c9558000-7f80c95a0000 rw-p 00000000 00:00 0 
7f80c95a0000-7f80c95cc000 rw-p 00000000 00:00 0 
7f80c95cc000-7f80c9856000 rw-p 00000000 00:00 0 
7f80c9856000-7f80c986d000 rw-p 00000000 00:00 0 
7f80c986d000-7f80c99b2000 rw-p 00000000 00:00 0 
7f80c99b2000-7f80c99b3000 rw-p 00000000 00:00 0 
7f80c99b3000-7f80c99ba000 r-xp 00000000 08:01 3020987                    /usr/lib/jvm/java-6-openjdk-amd64/jre/lib/amd64/libzip.so
7f80c99ba000-7f80c9bb9000 ---p 00007000 08:01 3020987                    /usr/lib/jvm/java-6-openjdk-amd64/jre/lib/amd64/libzip.so
7f80c9bb9000-7f80c9bba000 r--p 00006000 08:01 3020987                    /usr/lib/jvm/java-6-openjdk-amd64/jre/lib/amd64/libzip.so
7f80c9bba000-7f80c9bbb000 rw-p 00007000 08:01 3020987                    /usr/lib/jvm/java-6-openjdk-amd64/jre/lib/amd64/libzip.so
7f80c9bbb000-7f80c9bc7000 r-xp 00000000 08:01 3288836                    /lib/x86_64-linux-gnu/libnss_files-2.15.so
7f80c9bc7000-7f80c9dc6000 ---p 0000c000 08:01 3288836                    /lib/x86_64-linux-gnu/libnss_files-2.15.so
7f80c9dc6000-7f80c9dc7000 r--p 0000b000 08:01 3288836                    /lib/x86_64-linux-gnu/libnss_files-2.15.so
7f80c9dc7000-7f80c9dc8000 rw-p 0000c000 08:01 3288836                    /lib/x86_64-linux-gnu/libnss_files-2.15.so
7f80c9dc8000-7f80c9dd2000 r-xp 00000000 08:01 3288832                    /lib/x86_64-linux-gnu/libnss_nis-2.15.so
7f80c9dd2000-7f80c9fd2000 ---p 0000a000 08:01 3288832                    /lib/x86_64-linux-gnu/libnss_nis-2.15.so
7f80c9fd2000-7f80c9fd3000 r--p 0000a000 08:01 3288832                    /lib/x86_64-linux-gnu/libnss_nis-2.15.so
7f80c9fd3000-7f80c9fd4000 rw-p 0000b000 08:01 3288832                    /lib/x86_64-linux-gnu/libnss_nis-2.15.so
7f80c9fd4000-7f80c9feb000 r-xp 00000000 08:01 3288845                    /lib/x86_64-linux-gnu/libnsl-2.15.so
7f80c9feb000-7f80ca1ea000 ---p 00017000 08:01 3288845                    /lib/x86_64-linux-gnu/libnsl-2.15.so
7f80ca1ea000-7f80ca1eb000 r--p 00016000 08:01 3288845                    /lib/x86_64-linux-gnu/libnsl-2.15.so
7f80ca1eb000-7f80ca1ec000 rw-p 00017000 08:01 3288845                    /lib/x86_64-linux-gnu/libnsl-2.15.so
7f80ca1ec000-7f80ca1ee000 rw-p 00000000 00:00 0 
7f80ca1ee000-7f80ca1f6000 r-xp 00000000 08:01 3288837                    /lib/x86_64-linux-gnu/libnss_compat-2.15.so
7f80ca1f6000-7f80ca3f5000 ---p 00008000 08:01 3288837                    /lib/x86_64-linux-gnu/libnss_compat-2.15.so
7f80ca3f5000-7f80ca3f6000 r--p 00007000 08:01 3288837                    /lib/x86_64-linux-gnu/libnss_compat-2.15.so
7f80ca3f6000-7f80ca3f7000 rw-p 00008000 08:01 3288837                    /lib/x86_64-linux-gnu/libnss_compat-2.15.so
7f80ca3f7000-7f80ca423000 r-xp 00000000 08:01 3020967                    /usr/lib/jvm/java-6-openjdk-amd64/jre/lib/amd64/libjava.so
7f80ca423000-7f80ca622000 ---p 0002c000 08:01 3020967                    /usr/lib/jvm/java-6-openjdk-amd64/jre/lib/amd64/libjava.so
7f80ca622000-7f80ca623000 r--p 0002b000 08:01 3020967                    /usr/lib/jvm/java-6-openjdk-amd64/jre/lib/amd64/libjava.so
7f80ca623000-7f80ca626000 rw-p 0002c000 08:01 3020967                    /usr/lib/jvm/java-6-openjdk-amd64/jre/lib/amd64/libjava.so
7f80ca626000-7f80ca634000 r-xp 00000000 08:01 3020978                    /usr/lib/jvm/java-6-openjdk-amd64/jre/lib/amd64/libverify.so
7f80ca634000-7f80ca833000 ---p 0000e000 08:01 3020978                    /usr/lib/jvm/java-6-openjdk-amd64/jre/lib/amd64/libverify.so
7f80ca833000-7f80ca835000 r--p 0000d000 08:01 3020978                    /usr/lib/jvm/java-6-openjdk-amd64/jre/lib/amd64/libverify.so
7f80ca835000-7f80ca836000 rw-p 0000f000 08:01 3020978                    /usr/lib/jvm/java-6-openjdk-amd64/jre/lib/amd64/libverify.so
7f80ca836000-7f80ca83d000 r-xp 00000000 08:01 3288830                    /lib/x86_64-linux-gnu/librt-2.15.so
7f80ca83d000-7f80caa3c000 ---p 00007000 08:01 3288830                    /lib/x86_64-linux-gnu/librt-2.15.so
7f80caa3c000-7f80caa3d000 r--p 00006000 08:01 3288830                    /lib/x86_64-linux-gnu/librt-2.15.so
7f80caa3d000-7f80caa3e000 rw-p 00007000 08:01 3288830                    /lib/x86_64-linux-gnu/librt-2.15.so
7f80caa3e000-7f80caa53000 r-xp 00000000 08:01 3280439                    /lib/x86_64-linux-gnu/libgcc_s.so.1
7f80caa53000-7f80cac52000 ---p 00015000 08:01 3280439                    /lib/x86_64-linux-gnu/libgcc_s.so.1
7f80cac52000-7f80cac53000 r--p 00014000 08:01 3280439                    /lib/x86_64-linux-gnu/libgcc_s.so.1
7f80cac53000-7f80cac54000 rw-p 00015000 08:01 3280439                    /lib/x86_64-linux-gnu/libgcc_s.so.1
7f80cac54000-7f80cad4f000 r-xp 00000000 08:01 3288834                    /lib/x86_64-linux-gnu/libm-2.15.so
7f80cad4f000-7f80caf4e000 ---p 000fb000 08:01 3288834                    /lib/x86_64-linux-gnu/libm-2.15.so
7f80caf4e000-7f80caf4f000 r--p 000fa000 08:01 3288834                    /lib/x86_64-linux-gnu/libm-2.15.so
7f80caf4f000-7f80caf50000 rw-p 000fb000 08:01 3288834                    /lib/x86_64-linux-gnu/libm-2.15.so
7f80caf50000-7f80cb032000 r-xp 00000000 08:01 2367683                    /usr/lib/x86_64-linux-gnu/libstdc++.so.6.0.16
7f80cb032000-7f80cb231000 ---p 000e2000 08:01 2367683                    /usr/lib/x86_64-linux-gnu/libstdc++.so.6.0.16
7f80cb231000-7f80cb239000 r--p 000e1000 08:01 2367683                    /usr/lib/x86_64-linux-gnu/libstdc++.so.6.0.16
7f80cb239000-7f80cb23b000 rw-p 000e9000 08:01 2367683                    /usr/lib/x86_64-linux-gnu/libstdc++.so.6.0.16
7f80cb23b000-7f80cb250000 rw-p 00000000 00:00 0 
7f80cb250000-7f80cbb55000 r-xp 00000000 08:01 3020963                    /usr/lib/jvm/java-6-openjdk-amd64/jre/lib/amd64/server/libjvm.so
7f80cbb55000-7f80cbd55000 ---p 00905000 08:01 3020963                    /usr/lib/jvm/java-6-openjdk-amd64/jre/lib/amd64/server/libjvm.so
7f80cbd55000-7f80cbdd5000 r--p 00905000 08:01 3020963                    /usr/lib/jvm/java-6-openjdk-amd64/jre/lib/amd64/server/libjvm.so
7f80cbdd5000-7f80cbdf0000 rw-p 00985000 08:01 3020963                    /usr/lib/jvm/java-6-openjdk-amd64/jre/lib/amd64/server/libjvm.so
7f80cbdf0000-7f80cbe19000 rw-p 00000000 00:00 0 
7f80cbe19000-7f80cbe2f000 r-xp 00000000 08:01 3280529                    /lib/x86_64-linux-gnu/libz.so.1.2.3.4
7f80cbe2f000-7f80cc02e000 ---p 00016000 08:01 3280529                    /lib/x86_64-linux-gnu/libz.so.1.2.3.4
7f80cc02e000-7f80cc02f000 r--p 00015000 08:01 3280529                    /lib/x86_64-linux-gnu/libz.so.1.2.3.4
7f80cc02f000-7f80cc030000 rw-p 00016000 08:01 3280529                    /lib/x86_64-linux-gnu/libz.so.1.2.3.4
7f80cc030000-7f80cc1e5000 r-xp 00000000 08:01 3288826                    /lib/x86_64-linux-gnu/libc-2.15.so
7f80cc1e5000-7f80cc3e4000 ---p 001b5000 08:01 3288826                    /lib/x86_64-linux-gnu/libc-2.15.so
7f80cc3e4000-7f80cc3e8000 r--p 001b4000 08:01 3288826                    /lib/x86_64-linux-gnu/libc-2.15.so
7f80cc3e8000-7f80cc3ea000 rw-p 001b8000 08:01 3288826                    /lib/x86_64-linux-gnu/libc-2.15.so
7f80cc3ea000-7f80cc3ef000 rw-p 00000000 00:00 0 
7f80cc3ef000-7f80cc3f1000 r-xp 00000000 08:01 3288825                    /lib/x86_64-linux-gnu/libdl-2.15.so
7f80cc3f1000-7f80cc5f1000 ---p 00002000 08:01 3288825                    /lib/x86_64-linux-gnu/libdl-2.15.so
7f80cc5f1000-7f80cc5f2000 r--p 00002000 08:01 3288825                    /lib/x86_64-linux-gnu/libdl-2.15.so
7f80cc5f2000-7f80cc5f3000 rw-p 00003000 08:01 3288825                    /lib/x86_64-linux-gnu/libdl-2.15.so
7f80cc5f3000-7f80cc5f7000 r-xp 00000000 08:01 3020969                    /usr/lib/jvm/java-6-openjdk-amd64/jre/lib/amd64/jli/libjli.so
7f80cc5f7000-7f80cc7f6000 ---p 00004000 08:01 3020969                    /usr/lib/jvm/java-6-openjdk-amd64/jre/lib/amd64/jli/libjli.so
7f80cc7f6000-7f80cc7f7000 r--p 00003000 08:01 3020969                    /usr/lib/jvm/java-6-openjdk-amd64/jre/lib/amd64/jli/libjli.so
7f80cc7f7000-7f80cc7f8000 rw-p 00004000 08:01 3020969                    /usr/lib/jvm/java-6-openjdk-amd64/jre/lib/amd64/jli/libjli.so
7f80cc7f8000-7f80cc810000 r-xp 00000000 08:01 3288828                    /lib/x86_64-linux-gnu/libpthread-2.15.so
7f80cc810000-7f80cca0f000 ---p 00018000 08:01 3288828                    /lib/x86_64-linux-gnu/libpthread-2.15.so
7f80cca0f000-7f80cca10000 r--p 00017000 08:01 3288828                    /lib/x86_64-linux-gnu/libpthread-2.15.so
7f80cca10000-7f80cca11000 rw-p 00018000 08:01 3288828                    /lib/x86_64-linux-gnu/libpthread-2.15.so
7f80cca11000-7f80cca15000 rw-p 00000000 00:00 0 
7f80cca15000-7f80cca37000 r-xp 00000000 08:01 3288840                    /lib/x86_64-linux-gnu/ld-2.15.so
7f80cca58000-7f80cca62000 rw-p 00000000 00:00 0 
7f80cca62000-7f80ccb18000 rw-p 00000000 00:00 0 
7f80ccb18000-7f80ccb1b000 ---p 00000000 00:00 0 
7f80ccb1b000-7f80ccc1e000 rw-p 00000000 00:00 0 
7f80ccc23000-7f80ccc24000 rw-p 00000000 00:00 0 
7f80ccc24000-7f80ccc2b000 r--s 000fb000 08:01 2764843                    /usr/lib/jvm/java-6-openjdk-common/jre/lib/resources.jar
7f80ccc2b000-7f80ccc33000 rw-s 00000000 08:01 4464902                    /tmp/hsperfdata_az/9820
7f80ccc33000-7f80ccc34000 rw-p 00000000 00:00 0 
7f80ccc34000-7f80ccc35000 r--p 00000000 00:00 0 
7f80ccc35000-7f80ccc37000 rw-p 00000000 00:00 0 
7f80ccc37000-7f80ccc38000 r--p 00022000 08:01 3288840                    /lib/x86_64-linux-gnu/ld-2.15.so
7f80ccc38000-7f80ccc3a000 rw-p 00023000 08:01 3288840                    /lib/x86_64-linux-gnu/ld-2.15.so
7fffc7a2f000-7fffc7a50000 rw-p 00000000 00:00 0                          [stack]
7fffc7b04000-7fffc7b05000 r-xp 00000000 00:00 0                          [vdso]
ffffffffff600000-ffffffffff601000 r-xp 00000000 00:00 0                  [vsyscall]

VM Arguments:
jvm_args: -Djava.library.path=/home/az/git/sr-plgp/lib/ -Dfile.encoding=UTF-8 
java_command: core.AI_SPAC description 2 2 10 1 site01_20m.dat SR_props.txt 20
Launcher Type: SUN_STANDARD

Environment Variables:
PATH=/usr/local/sbin:/usr/local/bin:/usr/sbin:/usr/bin:/sbin:/bin:/usr/games
LD_LIBRARY_PATH=/usr/lib/jvm/java-6-openjdk-amd64/jre/lib/amd64/server:/usr/lib/jvm/java-6-openjdk-amd64/jre/lib/amd64:/usr/lib/jvm/java-6-openjdk-amd64/jre/../lib/amd64
SHELL=/bin/bash
DISPLAY=:0

Signal Handlers:
SIGSEGV: [libjvm.so+0x7852e0], sa_mask[0]=0x7ffbfeff, sa_flags=0x10000004
SIGBUS: [libjvm.so+0x7852e0], sa_mask[0]=0x7ffbfeff, sa_flags=0x10000004
SIGFPE: [libjvm.so+0x648d40], sa_mask[0]=0x7ffbfeff, sa_flags=0x10000004
SIGPIPE: [libjvm.so+0x648d40], sa_mask[0]=0x7ffbfeff, sa_flags=0x10000004
SIGXFSZ: [libjvm.so+0x648d40], sa_mask[0]=0x7ffbfeff, sa_flags=0x10000004
SIGILL: [libjvm.so+0x648d40], sa_mask[0]=0x7ffbfeff, sa_flags=0x10000004
SIGUSR1: SIG_DFL, sa_mask[0]=0x00000000, sa_flags=0x00000000
SIGUSR2: [libjvm.so+0x648ef0], sa_mask[0]=0x00000004, sa_flags=0x10000004
SIGHUP: [libjvm.so+0x64ba10], sa_mask[0]=0x7ffbfeff, sa_flags=0x10000004
SIGINT: [libjvm.so+0x64ba10], sa_mask[0]=0x7ffbfeff, sa_flags=0x10000004
SIGTERM: [libjvm.so+0x64ba10], sa_mask[0]=0x7ffbfeff, sa_flags=0x10000004
SIGQUIT: [libjvm.so+0x64ba10], sa_mask[0]=0x7ffbfeff, sa_flags=0x10000004


---------------  S Y S T E M  ---------------

OS:LinuxMint 13 (maya)
uname:Linux 3.2.0-23-generic #36-Ubuntu SMP Tue Apr 10 20:39:51 UTC 2012 x86_64
libc:glibc 2.15 NPTL 2.15 
rlimit: STACK 8192k, CORE 0k, NPROC 66493, NOFILE 4096, AS infinity
load average:2.17 2.21 2.10

/proc/meminfo:
MemTotal:        8534856 kB
MemFree:         5392124 kB
Buffers:          171512 kB
Cached:          1069240 kB
SwapCached:       110444 kB
Active:          1897400 kB
Inactive:         986604 kB
Active(anon):    1343452 kB
Inactive(anon):   342824 kB
Active(file):     553948 kB
Inactive(file):   643780 kB
Unevictable:           0 kB
Mlocked:               0 kB
SwapTotal:       5035004 kB
SwapFree:        4794592 kB
Dirty:                68 kB
Writeback:             0 kB
AnonPages:       1558860 kB
Mapped:           180160 kB
Shmem:             43024 kB
Slab:             102240 kB
SReclaimable:      79096 kB
SUnreclaim:        23144 kB
KernelStack:        3272 kB
PageTables:        33412 kB
NFS_Unstable:          0 kB
Bounce:                0 kB
WritebackTmp:          0 kB
CommitLimit:     9302432 kB
Committed_AS:    3027248 kB
VmallocTotal:   34359738367 kB
VmallocUsed:      104552 kB
VmallocChunk:   34359631352 kB
HardwareCorrupted:     0 kB
AnonHugePages:         0 kB
HugePages_Total:       0
HugePages_Free:        0
HugePages_Rsvd:        0
HugePages_Surp:        0
Hugepagesize:       2048 kB
DirectMap4k:       55232 kB
DirectMap2M:     8695808 kB


CPU:total 3 (3 cores per cpu, 1 threads per core) family 16 model 10 stepping 0, cmov, cx8, fxsr, mmx, sse, sse2, sse3, 3dnowpref

Memory: 4k page, physical 8534856k(5392124k free), swap 5035004k(4794592k free)

vm_info: OpenJDK 64-Bit Server VM (20.0-b12) for linux-amd64 JRE (1.6.0_24-b24), built on Oct 24 2012 16:17:28 by "buildd" with gcc 4.6.3

time: Sun Mar  3 08:33:54 2013
elapsed time: 0 seconds

