This is pdfTeX, Version 3.1415926-2.4-1.40.13 (Web2C 2012) (format=latex 2013.2.21)  2 JUL 2013 14:20
entering extended mode
 restricted \write18 enabled.
 Source specials enabled.
 %&-line parsing enabled.
**tree.tex
(./tree.tex
LaTeX2e <2011/06/27>
Babel <v3.8l> and hyphenation patterns for english, dumylang, nohyphenation, uk
rainian, turkish, swedish, spanish, slovenian, slovak, serbian, russian, romani
an, portuguese, polish, bokmal, nynorsk, latin, italian, irish, indonesian, ice
landic, hungarian, monogreek, greek, german, ngerman, french, finnish, estonian
, esperanto, dutch, danish, czech, croatian, catalan, bulgarian, basque, loaded
.
(/usr/pkg/share/texmf-dist/tex/latex/base/article.cls
Document Class: article 2007/10/19 v1.4h Standard LaTeX document class
(/usr/pkg/share/texmf-dist/tex/latex/base/size10.clo
File: size10.clo 2007/10/19 v1.4h Standard LaTeX file (size option)
)
\c@part=\count79
\c@section=\count80
\c@subsection=\count81
\c@subsubsection=\count82
\c@paragraph=\count83
\c@subparagraph=\count84
\c@figure=\count85
\c@table=\count86
\abovecaptionskip=\skip41
\belowcaptionskip=\skip42
\bibindent=\dimen102
)
(/usr/pkg/share/texmf-dist/tex/latex/eepic/epic.sty
Enhancements to Picture Environment. Version 1.2 - Released June 1, 1986
\@@multicnt=\count87
\d@lta=\count88
\@delta=\dimen103
\@@delta=\dimen104
\@gridcnt=\count89
\@joinkind=\count90
\@dotgap=\dimen105
\@ddotgap=\dimen106
\@x@diff=\count91
\@y@diff=\count92
\x@diff=\dimen107
\y@diff=\dimen108
\@dotbox=\box26
\num@segments=\count93
\num@segmentsi=\count94
\@datafile=\read1
) (/usr/pkg/share/texmf-dist/tex/latex/eclbip/ecltree.sty
ECL Tree graph macro by isozaki, Nov. 12, 1990 + 2e FIX
\@BundleWidth=\dimen109
\@BundleDepth=\dimen110
\@BundleHeight=\dimen111
\@NodeBox=\box27
\GapDepth=\dimen112
\GapWidth=\dimen113
\EdgeLabelSep=\dimen114
) (/usr/pkg/share/texmf-dist/tex/latex/fancybox/fancybox.sty
Package: fancybox 2010/05/15 1.4

Style option: `fancybox' v1.4 <2010/05/15> (tvz)
\@fancybox=\box28
\shadowsize=\dimen115
\@Sbox=\box29
\do@VerbBox=\toks14
\the@fancyput=\toks15
\this@fancyput=\toks16
\EndVerbatimTokens=\toks17
\Verbatim@Outfile=\write3
\Verbatim@Infile=\read2
)
No file tree.aux.
\openout1 = `tree.aux'.

LaTeX Font Info:    Checking defaults for OML/cmm/m/it on input line 6.
LaTeX Font Info:    ... okay on input line 6.
LaTeX Font Info:    Checking defaults for T1/cmr/m/n on input line 6.
LaTeX Font Info:    ... okay on input line 6.
LaTeX Font Info:    Checking defaults for OT1/cmr/m/n on input line 6.
LaTeX Font Info:    ... okay on input line 6.
LaTeX Font Info:    Checking defaults for OMS/cmsy/m/n on input line 6.
LaTeX Font Info:    ... okay on input line 6.
LaTeX Font Info:    Checking defaults for OMX/cmex/m/n on input line 6.
LaTeX Font Info:    ... okay on input line 6.
LaTeX Font Info:    Checking defaults for U/cmr/m/n on input line 6.
LaTeX Font Info:    ... okay on input line 6.
[1

] (./tree.aux) ) 
Here is how much of TeX's memory you used:
 513 strings out of 494072
 5887 string characters out of 3160429
 61933 words of memory out of 3000000
 3834 multiletter control sequences out of 15000+200000
 3640 words of font info for 14 fonts, out of 3000000 for 9000
 648 hyphenation exceptions out of 8191
 23i,15n,30p,196b,251s stack positions out of 5000i,500n,10000p,200000b,50000s

Output written on tree.dvi (1 page, 4684 bytes).
